<?xml version="1.0" encoding="UTF-8"?>
<testng-results skipped="0" failed="0" total="1" passed="1">
  <reporter-output>
    <line>
      <![CDATA[Maven Tests Successully running]]>
    </line>
  </reporter-output>
  <suite name="Suite" duration-ms="56" started-at="2020-09-15T02:48:59Z" finished-at="2020-09-15T02:48:59Z">
    <groups>
    </groups>
    <test name="Test" duration-ms="56" started-at="2020-09-15T02:48:59Z" finished-at="2020-09-15T02:48:59Z">
      <class name="com.actitime.timetrack.Demo">
        <test-method status="PASS" signature="run()[pri:0, instance:com.actitime.timetrack.Demo@7823a2f9]" name="run" duration-ms="28" started-at="2020-09-15T08:18:59Z" finished-at="2020-09-15T08:18:59Z">
          <reporter-output>
            <line>
              <![CDATA[Maven Tests Successully running]]>
            </line>
          </reporter-output>
        </test-method> <!-- run -->
      </class> <!-- com.actitime.timetrack.Demo -->
    </test> <!-- Test -->
  </suite> <!-- Suite -->
</testng-results>
