<?xml version="1.0" encoding="UTF-8"?>
<testng-results skipped="0" failed="0" ignored="0" total="2" passed="2">
  <reporter-output>
    <line>
      <![CDATA[Maven Tests Successully running]]>
    </line>
    <line>
      <![CDATA[Remo Tests Successully running]]>
    </line>
  </reporter-output>
  <suite name="Suite" duration-ms="85" started-at="2020-09-15T08:43:08 IST" finished-at="2020-09-15T08:43:08 IST">
    <groups>
    </groups>
    <test name="Test" duration-ms="85" started-at="2020-09-15T08:43:08 IST" finished-at="2020-09-15T08:43:08 IST">
      <class name="com.actitime.timetrack.Remo">
        <test-method status="PASS" signature="run()[pri:0, instance:com.actitime.timetrack.Remo@1e88b3c]" name="run" duration-ms="0" started-at="2020-09-15T08:43:08 IST" finished-at="2020-09-15T08:43:08 IST">
          <reporter-output>
            <line>
              <![CDATA[Remo Tests Successully running]]>
            </line>
          </reporter-output>
        </test-method> <!-- run -->
      </class> <!-- com.actitime.timetrack.Remo -->
      <class name="com.actitime.timetrack.Demo">
        <test-method status="PASS" signature="run()[pri:0, instance:com.actitime.timetrack.Demo@1caeb3e]" name="run" duration-ms="9" started-at="2020-09-15T08:43:08 IST" finished-at="2020-09-15T08:43:08 IST">
          <reporter-output>
            <line>
              <![CDATA[Maven Tests Successully running]]>
            </line>
          </reporter-output>
        </test-method> <!-- run -->
      </class> <!-- com.actitime.timetrack.Demo -->
    </test> <!-- Test -->
  </suite> <!-- Suite -->
</testng-results>
